Building for debugging...
[0/4] Write swift-version--1AB21518FC5DEDBE.txt
[2/14] Compiling LiquidScanner PythonService.swift
/Users/mk/LiquidScanner/liquidscanner_project/Sources/LiquidScanner/Services/PythonService.swift:313:50: error: cannot find 'datetime' in scope
311 | @app.get("/health")
312 | async def health_check():
313 |     return {"status": "healthy", "timestamp": "\(datetime.now().isoformat())"}
    |                                                  `- error: cannot find 'datetime' in scope
314 | 
315 | if __name__ == "__main__":

/Users/mk/LiquidScanner/liquidscanner_project/Sources/LiquidScanner/Services/PythonService.swift:323:80: error: cannot infer contextual base in reference to member 'utf8'
321 |         
322 |         do {
323 |             try serverScript.write(to: scriptURL, atomically: true, encoding: .utf8)
    |                                                                                `- error: cannot infer contextual base in reference to member 'utf8'
324 |             runScript(at: scriptURL.path)
325 |         } catch {
[3/15] Compiling LiquidScanner SettingsView.swift
/Users/mk/LiquidScanner/liquidscanner_project/Sources/LiquidScanner/SettingsView.swift:349:8: error: invalid redeclaration of 'AddAccountView'
347 | }
348 | 
349 | struct AddAccountView: View {
    |        `- error: invalid redeclaration of 'AddAccountView'
350 |     @Binding var isPresented: Bool
351 |     @Binding var name: String

/Users/mk/LiquidScanner/liquidscanner_project/Sources/LiquidScanner/SettingsView.swift:59:41: error: type 'NSVisualEffectView.Material' has no member 'ultraThinMaterial'
 57 |         }
 58 |         .background(
 59 |             VisualEffectView(material: .ultraThinMaterial, blendingMode: .behindWindow)
    |                                         `- error: type 'NSVisualEffectView.Material' has no member 'ultraThinMaterial'
 60 |         )
 61 |         .frame(width: 600, height: 500)

/Users/mk/LiquidScanner/liquidscanner_project/Sources/LiquidScanner/SettingsView.swift:79:18: error: value of type 'AppState' has no dynamic member 'settings' using key path from root type 'AppState'
 77 |     
 78 |     private func saveSettings() {
 79 |         appState.settings.notificationsEnabled = notificationsEnabled
    |                  `- error: value of type 'AppState' has no dynamic member 'settings' using key path from root type 'AppState'
 80 |         appState.settings.soundEnabled = soundEnabled
 81 |         appState.settings.autoExportEnabled = autoExportEnabled

/Users/mk/LiquidScanner/liquidscanner_project/Sources/LiquidScanner/SettingsView.swift:79:9: error: referencing subscript 'subscript(dynamicMember:)' requires wrapper 'EnvironmentObject<AppState>.Wrapper'
 77 |     
 78 |     private func saveSettings() {
 79 |         appState.settings.notificationsEnabled = notificationsEnabled
    |         `- error: referencing subscript 'subscript(dynamicMember:)' requires wrapper 'EnvironmentObject<AppState>.Wrapper'
 80 |         appState.settings.soundEnabled = soundEnabled
 81 |         appState.settings.autoExportEnabled = autoExportEnabled

/Users/mk/LiquidScanner/liquidscanner_project/Sources/LiquidScanner/SettingsView.swift:79:50: error: cannot assign value of type 'Bool' to type 'Binding<Subject>'
 77 |     
 78 |     private func saveSettings() {
 79 |         appState.settings.notificationsEnabled = notificationsEnabled
    |                                                  `- error: cannot assign value of type 'Bool' to type 'Binding<Subject>'
 80 |         appState.settings.soundEnabled = soundEnabled
 81 |         appState.settings.autoExportEnabled = autoExportEnabled

/Users/mk/LiquidScanner/liquidscanner_project/Sources/LiquidScanner/SettingsView.swift:80:18: error: value of type 'AppState' has no dynamic member 'settings' using key path from root type 'AppState'
 78 |     private func saveSettings() {
 79 |         appState.settings.notificationsEnabled = notificationsEnabled
 80 |         appState.settings.soundEnabled = soundEnabled
    |                  `- error: value of type 'AppState' has no dynamic member 'settings' using key path from root type 'AppState'
 81 |         appState.settings.autoExportEnabled = autoExportEnabled
 82 |         appState.settings.scanIntervalMinutes = Int(scanInterval)

/Users/mk/LiquidScanner/liquidscanner_project/Sources/LiquidScanner/SettingsView.swift:80:9: error: referencing subscript 'subscript(dynamicMember:)' requires wrapper 'EnvironmentObject<AppState>.Wrapper'
 78 |     private func saveSettings() {
 79 |         appState.settings.notificationsEnabled = notificationsEnabled
 80 |         appState.settings.soundEnabled = soundEnabled
    |         `- error: referencing subscript 'subscript(dynamicMember:)' requires wrapper 'EnvironmentObject<AppState>.Wrapper'
 81 |         appState.settings.autoExportEnabled = autoExportEnabled
 82 |         appState.settings.scanIntervalMinutes = Int(scanInterval)

/Users/mk/LiquidScanner/liquidscanner_project/Sources/LiquidScanner/SettingsView.swift:80:42: error: cannot assign value of type 'Bool' to type 'Binding<Subject>'
 78 |     private func saveSettings() {
 79 |         appState.settings.notificationsEnabled = notificationsEnabled
 80 |         appState.settings.soundEnabled = soundEnabled
    |                                          `- error: cannot assign value of type 'Bool' to type 'Binding<Subject>'
 81 |         appState.settings.autoExportEnabled = autoExportEnabled
 82 |         appState.settings.scanIntervalMinutes = Int(scanInterval)

/Users/mk/LiquidScanner/liquidscanner_project/Sources/LiquidScanner/SettingsView.swift:81:18: error: value of type 'AppState' has no dynamic member 'settings' using key path from root type 'AppState'
 79 |         appState.settings.notificationsEnabled = notificationsEnabled
 80 |         appState.settings.soundEnabled = soundEnabled
 81 |         appState.settings.autoExportEnabled = autoExportEnabled
    |                  `- error: value of type 'AppState' has no dynamic member 'settings' using key path from root type 'AppState'
 82 |         appState.settings.scanIntervalMinutes = Int(scanInterval)
 83 |         appState.settings.minDepositAmount = minDepositAmount

/Users/mk/LiquidScanner/liquidscanner_project/Sources/LiquidScanner/SettingsView.swift:81:9: error: referencing subscript 'subscript(dynamicMember:)' requires wrapper 'EnvironmentObject<AppState>.Wrapper'
 79 |         appState.settings.notificationsEnabled = notificationsEnabled
 80 |         appState.settings.soundEnabled = soundEnabled
 81 |         appState.settings.autoExportEnabled = autoExportEnabled
    |         `- error: referencing subscript 'subscript(dynamicMember:)' requires wrapper 'EnvironmentObject<AppState>.Wrapper'
 82 |         appState.settings.scanIntervalMinutes = Int(scanInterval)
 83 |         appState.settings.minDepositAmount = minDepositAmount

/Users/mk/LiquidScanner/liquidscanner_project/Sources/LiquidScanner/SettingsView.swift:81:47: error: cannot assign value of type 'Bool' to type 'Binding<Subject>'
 79 |         appState.settings.notificationsEnabled = notificationsEnabled
 80 |         appState.settings.soundEnabled = soundEnabled
 81 |         appState.settings.autoExportEnabled = autoExportEnabled
    |                                               `- error: cannot assign value of type 'Bool' to type 'Binding<Subject>'
 82 |         appState.settings.scanIntervalMinutes = Int(scanInterval)
 83 |         appState.settings.minDepositAmount = minDepositAmount

/Users/mk/LiquidScanner/liquidscanner_project/Sources/LiquidScanner/SettingsView.swift:82:18: error: value of type 'AppState' has no dynamic member 'settings' using key path from root type 'AppState'
 80 |         appState.settings.soundEnabled = soundEnabled
 81 |         appState.settings.autoExportEnabled = autoExportEnabled
 82 |         appState.settings.scanIntervalMinutes = Int(scanInterval)
    |                  `- error: value of type 'AppState' has no dynamic member 'settings' using key path from root type 'AppState'
 83 |         appState.settings.minDepositAmount = minDepositAmount
 84 |         appState.settings.exportFormat = exportFormat.rawValue

/Users/mk/LiquidScanner/liquidscanner_project/Sources/LiquidScanner/SettingsView.swift:82:9: error: referencing subscript 'subscript(dynamicMember:)' requires wrapper 'EnvironmentObject<AppState>.Wrapper'
 80 |         appState.settings.soundEnabled = soundEnabled
 81 |         appState.settings.autoExportEnabled = autoExportEnabled
 82 |         appState.settings.scanIntervalMinutes = Int(scanInterval)
    |         `- error: referencing subscript 'subscript(dynamicMember:)' requires wrapper 'EnvironmentObject<AppState>.Wrapper'
 83 |         appState.settings.minDepositAmount = minDepositAmount
 84 |         appState.settings.exportFormat = exportFormat.rawValue

/Users/mk/LiquidScanner/liquidscanner_project/Sources/LiquidScanner/SettingsView.swift:82:49: error: cannot assign value of type 'Int' to type 'Binding<Subject>'
 80 |         appState.settings.soundEnabled = soundEnabled
 81 |         appState.settings.autoExportEnabled = autoExportEnabled
 82 |         appState.settings.scanIntervalMinutes = Int(scanInterval)
    |                                                 `- error: cannot assign value of type 'Int' to type 'Binding<Subject>'
 83 |         appState.settings.minDepositAmount = minDepositAmount
 84 |         appState.settings.exportFormat = exportFormat.rawValue

/Users/mk/LiquidScanner/liquidscanner_project/Sources/LiquidScanner/SettingsView.swift:83:18: error: value of type 'AppState' has no dynamic member 'settings' using key path from root type 'AppState'
 81 |         appState.settings.autoExportEnabled = autoExportEnabled
 82 |         appState.settings.scanIntervalMinutes = Int(scanInterval)
 83 |         appState.settings.minDepositAmount = minDepositAmount
    |                  `- error: value of type 'AppState' has no dynamic member 'settings' using key path from root type 'AppState'
 84 |         appState.settings.exportFormat = exportFormat.rawValue
 85 |         appState.settings.pythonPath = pythonPath

/Users/mk/LiquidScanner/liquidscanner_project/Sources/LiquidScanner/SettingsView.swift:83:9: error: referencing subscript 'subscript(dynamicMember:)' requires wrapper 'EnvironmentObject<AppState>.Wrapper'
 81 |         appState.settings.autoExportEnabled = autoExportEnabled
 82 |         appState.settings.scanIntervalMinutes = Int(scanInterval)
 83 |         appState.settings.minDepositAmount = minDepositAmount
    |         `- error: referencing subscript 'subscript(dynamicMember:)' requires wrapper 'EnvironmentObject<AppState>.Wrapper'
 84 |         appState.settings.exportFormat = exportFormat.rawValue
 85 |         appState.settings.pythonPath = pythonPath

/Users/mk/LiquidScanner/liquidscanner_project/Sources/LiquidScanner/SettingsView.swift:83:46: error: cannot assign value of type 'Double' to type 'Binding<Subject>'
 81 |         appState.settings.autoExportEnabled = autoExportEnabled
 82 |         appState.settings.scanIntervalMinutes = Int(scanInterval)
 83 |         appState.settings.minDepositAmount = minDepositAmount
    |                                              `- error: cannot assign value of type 'Double' to type 'Binding<Subject>'
 84 |         appState.settings.exportFormat = exportFormat.rawValue
 85 |         appState.settings.pythonPath = pythonPath

/Users/mk/LiquidScanner/liquidscanner_project/Sources/LiquidScanner/SettingsView.swift:84:18: error: value of type 'AppState' has no dynamic member 'settings' using key path from root type 'AppState'
 82 |         appState.settings.scanIntervalMinutes = Int(scanInterval)
 83 |         appState.settings.minDepositAmount = minDepositAmount
 84 |         appState.settings.exportFormat = exportFormat.rawValue
    |                  `- error: value of type 'AppState' has no dynamic member 'settings' using key path from root type 'AppState'
 85 |         appState.settings.pythonPath = pythonPath
 86 |         appState.settings.apiPort = apiPort

/Users/mk/LiquidScanner/liquidscanner_project/Sources/LiquidScanner/SettingsView.swift:84:9: error: referencing subscript 'subscript(dynamicMember:)' requires wrapper 'EnvironmentObject<AppState>.Wrapper'
 82 |         appState.settings.scanIntervalMinutes = Int(scanInterval)
 83 |         appState.settings.minDepositAmount = minDepositAmount
 84 |         appState.settings.exportFormat = exportFormat.rawValue
    |         `- error: referencing subscript 'subscript(dynamicMember:)' requires wrapper 'EnvironmentObject<AppState>.Wrapper'
 85 |         appState.settings.pythonPath = pythonPath
 86 |         appState.settings.apiPort = apiPort

/Users/mk/LiquidScanner/liquidscanner_project/Sources/LiquidScanner/SettingsView.swift:84:55: error: cannot assign value of type 'String' to type 'Binding<Subject>'
 82 |         appState.settings.scanIntervalMinutes = Int(scanInterval)
 83 |         appState.settings.minDepositAmount = minDepositAmount
 84 |         appState.settings.exportFormat = exportFormat.rawValue
    |                                                       `- error: cannot assign value of type 'String' to type 'Binding<Subject>'
 85 |         appState.settings.pythonPath = pythonPath
 86 |         appState.settings.apiPort = apiPort

/Users/mk/LiquidScanner/liquidscanner_project/Sources/LiquidScanner/SettingsView.swift:85:18: error: value of type 'AppState' has no dynamic member 'settings' using key path from root type 'AppState'
 83 |         appState.settings.minDepositAmount = minDepositAmount
 84 |         appState.settings.exportFormat = exportFormat.rawValue
 85 |         appState.settings.pythonPath = pythonPath
    |                  `- error: value of type 'AppState' has no dynamic member 'settings' using key path from root type 'AppState'
 86 |         appState.settings.apiPort = apiPort
 87 |         appState.settings.debugMode = debugModeEnabled

/Users/mk/LiquidScanner/liquidscanner_project/Sources/LiquidScanner/SettingsView.swift:85:9: error: referencing subscript 'subscript(dynamicMember:)' requires wrapper 'EnvironmentObject<AppState>.Wrapper'
 83 |         appState.settings.minDepositAmount = minDepositAmount
 84 |         appState.settings.exportFormat = exportFormat.rawValue
 85 |         appState.settings.pythonPath = pythonPath
    |         `- error: referencing subscript 'subscript(dynamicMember:)' requires wrapper 'EnvironmentObject<AppState>.Wrapper'
 86 |         appState.settings.apiPort = apiPort
 87 |         appState.settings.debugMode = debugModeEnabled

/Users/mk/LiquidScanner/liquidscanner_project/Sources/LiquidScanner/SettingsView.swift:85:40: error: cannot assign value of type 'String' to type 'Binding<Subject>'
 83 |         appState.settings.minDepositAmount = minDepositAmount
 84 |         appState.settings.exportFormat = exportFormat.rawValue
 85 |         appState.settings.pythonPath = pythonPath
    |                                        `- error: cannot assign value of type 'String' to type 'Binding<Subject>'
 86 |         appState.settings.apiPort = apiPort
 87 |         appState.settings.debugMode = debugModeEnabled

/Users/mk/LiquidScanner/liquidscanner_project/Sources/LiquidScanner/SettingsView.swift:86:18: error: value of type 'AppState' has no dynamic member 'settings' using key path from root type 'AppState'
 84 |         appState.settings.exportFormat = exportFormat.rawValue
 85 |         appState.settings.pythonPath = pythonPath
 86 |         appState.settings.apiPort = apiPort
    |                  `- error: value of type 'AppState' has no dynamic member 'settings' using key path from root type 'AppState'
 87 |         appState.settings.debugMode = debugModeEnabled
 88 |         

/Users/mk/LiquidScanner/liquidscanner_project/Sources/LiquidScanner/SettingsView.swift:86:9: error: referencing subscript 'subscript(dynamicMember:)' requires wrapper 'EnvironmentObject<AppState>.Wrapper'
 84 |         appState.settings.exportFormat = exportFormat.rawValue
 85 |         appState.settings.pythonPath = pythonPath
 86 |         appState.settings.apiPort = apiPort
    |         `- error: referencing subscript 'subscript(dynamicMember:)' requires wrapper 'EnvironmentObject<AppState>.Wrapper'
 87 |         appState.settings.debugMode = debugModeEnabled
 88 |         

/Users/mk/LiquidScanner/liquidscanner_project/Sources/LiquidScanner/SettingsView.swift:86:37: error: cannot assign value of type 'Int' to type 'Binding<Subject>'
 84 |         appState.settings.exportFormat = exportFormat.rawValue
 85 |         appState.settings.pythonPath = pythonPath
 86 |         appState.settings.apiPort = apiPort
    |                                     `- error: cannot assign value of type 'Int' to type 'Binding<Subject>'
 87 |         appState.settings.debugMode = debugModeEnabled
 88 |         

/Users/mk/LiquidScanner/liquidscanner_project/Sources/LiquidScanner/SettingsView.swift:87:18: error: value of type 'AppState' has no dynamic member 'settings' using key path from root type 'AppState'
 85 |         appState.settings.pythonPath = pythonPath
 86 |         appState.settings.apiPort = apiPort
 87 |         appState.settings.debugMode = debugModeEnabled
    |                  `- error: value of type 'AppState' has no dynamic member 'settings' using key path from root type 'AppState'
 88 |         
 89 |         appState.addPythonLog("Настройки сохранены", level: .success)

/Users/mk/LiquidScanner/liquidscanner_project/Sources/LiquidScanner/SettingsView.swift:87:9: error: referencing subscript 'subscript(dynamicMember:)' requires wrapper 'EnvironmentObject<AppState>.Wrapper'
 85 |         appState.settings.pythonPath = pythonPath
 86 |         appState.settings.apiPort = apiPort
 87 |         appState.settings.debugMode = debugModeEnabled
    |         `- error: referencing subscript 'subscript(dynamicMember:)' requires wrapper 'EnvironmentObject<AppState>.Wrapper'
 88 |         
 89 |         appState.addPythonLog("Настройки сохранены", level: .success)

/Users/mk/LiquidScanner/liquidscanner_project/Sources/LiquidScanner/SettingsView.swift:87:39: error: cannot assign value of type 'Bool' to type 'Binding<Subject>'
 85 |         appState.settings.pythonPath = pythonPath
 86 |         appState.settings.apiPort = apiPort
 87 |         appState.settings.debugMode = debugModeEnabled
    |                                       `- error: cannot assign value of type 'Bool' to type 'Binding<Subject>'
 88 |         
 89 |         appState.addPythonLog("Настройки сохранены", level: .success)

/Users/mk/LiquidScanner/liquidscanner_project/Sources/LiquidScanner/AccountsView.swift:5:41: error: type annotation missing in pattern
 3 | struct AddAccountView: View {
 4 |     @ObservedObject var appState: AppState
 5 |     @Environment(\.dismiss) private var dismiss
   |                                         `- error: type annotation missing in pattern
 6 |     
 7 |     @State private var name = ""

/Users/mk/LiquidScanner/liquidscanner_project/Sources/LiquidScanner/SettingsView.swift:391:41: error: type 'NSVisualEffectView.Material' has no member 'ultraThinMaterial'
389 |         .frame(width: 400)
390 |         .background(
391 |             VisualEffectView(material: .ultraThinMaterial, blendingMode: .behindWindow)
    |                                         `- error: type 'NSVisualEffectView.Material' has no member 'ultraThinMaterial'
392 |         )
393 |     }
[4/15] Compiling LiquidScanner Models.swift
error: emit-module command failed with exit code 1 (use -v to see invocation)
[5/15] Emitting module LiquidScanner
/Users/mk/LiquidScanner/liquidscanner_project/Sources/LiquidScanner/AccountsView.swift:5:41: error: type annotation missing in pattern
 3 | struct AddAccountView: View {
 4 |     @ObservedObject var appState: AppState
 5 |     @Environment(\.dismiss) private var dismiss
   |                                         `- error: type annotation missing in pattern
 6 |     
 7 |     @State private var name = ""

/Users/mk/LiquidScanner/liquidscanner_project/Sources/LiquidScanner/AccountsView.swift:4:6: error: unknown attribute 'ObservedObject'
 2 | 
 3 | struct AddAccountView: View {
 4 |     @ObservedObject var appState: AppState
   |      `- error: unknown attribute 'ObservedObject'
 5 |     @Environment(\.dismiss) private var dismiss
 6 |     

/Users/mk/LiquidScanner/liquidscanner_project/Sources/LiquidScanner/AccountsView.swift:5:6: error: unknown attribute 'Environment'
 3 | struct AddAccountView: View {
 4 |     @ObservedObject var appState: AppState
 5 |     @Environment(\.dismiss) private var dismiss
   |      `- error: unknown attribute 'Environment'
 6 |     
 7 |     @State private var name = ""

/Users/mk/LiquidScanner/liquidscanner_project/Sources/LiquidScanner/AccountsView.swift:7:6: error: unknown attribute 'State'
 5 |     @Environment(\.dismiss) private var dismiss
 6 |     
 7 |     @State private var name = ""
   |      `- error: unknown attribute 'State'
 8 |     @State private var phone = ""
 9 |     @State private var apiId = ""

/Users/mk/LiquidScanner/liquidscanner_project/Sources/LiquidScanner/AccountsView.swift:8:6: error: unknown attribute 'State'
 6 |     
 7 |     @State private var name = ""
 8 |     @State private var phone = ""
   |      `- error: unknown attribute 'State'
 9 |     @State private var apiId = ""
10 |     @State private var apiHash = ""

/Users/mk/LiquidScanner/liquidscanner_project/Sources/LiquidScanner/AccountsView.swift:9:6: error: unknown attribute 'State'
 7 |     @State private var name = ""
 8 |     @State private var phone = ""
 9 |     @State private var apiId = ""
   |      `- error: unknown attribute 'State'
10 |     @State private var apiHash = ""
11 |     

/Users/mk/LiquidScanner/liquidscanner_project/Sources/LiquidScanner/AccountsView.swift:10:6: error: unknown attribute 'State'
 8 |     @State private var phone = ""
 9 |     @State private var apiId = ""
10 |     @State private var apiHash = ""
   |      `- error: unknown attribute 'State'
11 |     
12 |     var body: some View {

/Users/mk/LiquidScanner/liquidscanner_project/Sources/LiquidScanner/AccountsView.swift:12:20: error: cannot find type 'View' in scope
10 |     @State private var apiHash = ""
11 |     
12 |     var body: some View {
   |                    `- error: cannot find type 'View' in scope
13 |         NavigationView {
14 |             Form {

/Users/mk/LiquidScanner/liquidscanner_project/Sources/LiquidScanner/AccountsView.swift:3:24: error: cannot find type 'View' in scope
 1 | // ... (начало файла до AddAccountView)
 2 | 
 3 | struct AddAccountView: View {
   |                        `- error: cannot find type 'View' in scope
 4 |     @ObservedObject var appState: AppState
 5 |     @Environment(\.dismiss) private var dismiss

/Users/mk/LiquidScanner/liquidscanner_project/Sources/LiquidScanner/AccountsView.swift:3:8: error: invalid redeclaration of 'AddAccountView'
 1 | // ... (начало файла до AddAccountView)
 2 | 
 3 | struct AddAccountView: View {
   |        `- error: invalid redeclaration of 'AddAccountView'
 4 |     @ObservedObject var appState: AppState
 5 |     @Environment(\.dismiss) private var dismiss

/Users/mk/LiquidScanner/liquidscanner_project/Sources/LiquidScanner/PythonOutputView.swift:3:8: error: type 'PythonOutputView' does not conform to protocol 'View'
 1 | import SwiftUI
 2 | 
 3 | struct PythonOutputView: View {
   |        |- error: type 'PythonOutputView' does not conform to protocol 'View'
   |        `- note: add stubs for conformance
 4 |     @EnvironmentObject var appState: AppState
 5 |     @State private var searchText: String = ""

SwiftUI.View.Body:2:16: note: protocol requires nested type 'Body'
1 | protocol View {
2 | associatedtype Body : View}
  |                `- note: protocol requires nested type 'Body'
3 | 
[6/15] Compiling LiquidScanner ScannerView.swift
/Users/mk/LiquidScanner/liquidscanner_project/Sources/LiquidScanner/ScannerView.swift:10:39: error: value of type 'TelegramAccount' has no member 'isEnabled'
  8 |     
  9 |     var activeAccountsCount: Int {
 10 |         appState.accounts.filter { $0.isEnabled }.count
    |                                       `- error: value of type 'TelegramAccount' has no member 'isEnabled'
 11 |     }
 12 |     

/Users/mk/LiquidScanner/liquidscanner_project/Sources/LiquidScanner/ScannerView.swift:14:34: error: value of type 'AppState' has no dynamic member 'settings' using key path from root type 'AppState'
 12 |     
 13 |     var estimatedTime: String {
 14 |         let totalUIDs = appState.settings.customUIDs.count
    |                                  `- error: value of type 'AppState' has no dynamic member 'settings' using key path from root type 'AppState'
 15 |         let delay = appState.settings.delayBetweenRequests
 16 |         let estimatedSeconds = Double(totalUIDs * activeAccountsCount) * delay

/Users/mk/LiquidScanner/liquidscanner_project/Sources/LiquidScanner/ScannerView.swift:14:25: error: referencing subscript 'subscript(dynamicMember:)' requires wrapper 'ObservedObject<AppState>.Wrapper'
 12 |     
 13 |     var estimatedTime: String {
 14 |         let totalUIDs = appState.settings.customUIDs.count
    |                         `- error: referencing subscript 'subscript(dynamicMember:)' requires wrapper 'ObservedObject<AppState>.Wrapper'
 15 |         let delay = appState.settings.delayBetweenRequests
 16 |         let estimatedSeconds = Double(totalUIDs * activeAccountsCount) * delay

/Users/mk/LiquidScanner/liquidscanner_project/Sources/LiquidScanner/ScannerView.swift:15:30: error: value of type 'AppState' has no dynamic member 'settings' using key path from root type 'AppState'
 13 |     var estimatedTime: String {
 14 |         let totalUIDs = appState.settings.customUIDs.count
 15 |         let delay = appState.settings.delayBetweenRequests
    |                              `- error: value of type 'AppState' has no dynamic member 'settings' using key path from root type 'AppState'
 16 |         let estimatedSeconds = Double(totalUIDs * activeAccountsCount) * delay
 17 |         return formatTimeInterval(estimatedSeconds)

/Users/mk/LiquidScanner/liquidscanner_project/Sources/LiquidScanner/ScannerView.swift:15:21: error: referencing subscript 'subscript(dynamicMember:)' requires wrapper 'ObservedObject<AppState>.Wrapper'
 13 |     var estimatedTime: String {
 14 |         let totalUIDs = appState.settings.customUIDs.count
 15 |         let delay = appState.settings.delayBetweenRequests
    |                     `- error: referencing subscript 'subscript(dynamicMember:)' requires wrapper 'ObservedObject<AppState>.Wrapper'
 16 |         let estimatedSeconds = Double(totalUIDs * activeAccountsCount) * delay
 17 |         return formatTimeInterval(estimatedSeconds)

/Users/mk/LiquidScanner/liquidscanner_project/Sources/LiquidScanner/ScannerView.swift:17:16: error: cannot find 'formatTimeInterval' in scope
 15 |         let delay = appState.settings.delayBetweenRequests
 16 |         let estimatedSeconds = Double(totalUIDs * activeAccountsCount) * delay
 17 |         return formatTimeInterval(estimatedSeconds)
    |                `- error: cannot find 'formatTimeInterval' in scope
 18 |     }
 19 |     

/Users/mk/LiquidScanner/liquidscanner_project/Sources/LiquidScanner/ScannerView.swift:124:24: error: cannot find 'formatTimeInterval' in scope
122 |                 icon: "clock.fill",
123 |                 title: "Время работы",
124 |                 value: formatTimeInterval(appState.stats.elapsedTime),
    |                        `- error: cannot find 'formatTimeInterval' in scope
125 |                 color: .orange,
126 |                 trend: .neutral

/Users/mk/LiquidScanner/liquidscanner_project/Sources/LiquidScanner/ScannerView.swift:124:52: error: value of type 'AppState' has no dynamic member 'stats' using key path from root type 'AppState'
122 |                 icon: "clock.fill",
123 |                 title: "Время работы",
124 |                 value: formatTimeInterval(appState.stats.elapsedTime),
    |                                                    `- error: value of type 'AppState' has no dynamic member 'stats' using key path from root type 'AppState'
125 |                 color: .orange,
126 |                 trend: .neutral

/Users/mk/LiquidScanner/liquidscanner_project/Sources/LiquidScanner/ScannerView.swift:124:43: error: referencing subscript 'subscript(dynamicMember:)' requires wrapper 'ObservedObject<AppState>.Wrapper'
122 |                 icon: "clock.fill",
123 |                 title: "Время работы",
124 |                 value: formatTimeInterval(appState.stats.elapsedTime),
    |                                           `- error: referencing subscript 'subscript(dynamicMember:)' requires wrapper 'ObservedObject<AppState>.Wrapper'
125 |                 color: .orange,
126 |                 trend: .neutral

/Users/mk/LiquidScanner/liquidscanner_project/Sources/LiquidScanner/ScannerView.swift:200:39: error: value of type 'TelegramAccount' has no member 'isEnabled'
198 |     
199 |     var activeAccountsCount: Int {
200 |         appState.accounts.filter { $0.isEnabled }.count
    |                                       `- error: value of type 'TelegramAccount' has no member 'isEnabled'
201 |     }
202 |     

/Users/mk/LiquidScanner/liquidscanner_project/Sources/LiquidScanner/ScannerView.swift:207:45: error: cannot convert value of type 'Binding<Subject>' to expected argument type '@MainActor () -> Void'
205 |             HStack(spacing: 12) {
206 |                 if appState.isScanning {
207 |                     Button(action: appState.stopScanning) {
    |                                             `- error: cannot convert value of type 'Binding<Subject>' to expected argument type '@MainActor () -> Void'
208 |                         Label("Остановить", systemImage: "stop.circle.fill")
209 |                             .frame(maxWidth: .infinity)

/Users/mk/LiquidScanner/liquidscanner_project/Sources/LiquidScanner/ScannerView.swift:207:45: error: value of type 'AppState' has no dynamic member 'stopScanning' using key path from root type 'AppState'
205 |             HStack(spacing: 12) {
206 |                 if appState.isScanning {
207 |                     Button(action: appState.stopScanning) {
    |                                             `- error: value of type 'AppState' has no dynamic member 'stopScanning' using key path from root type 'AppState'
208 |                         Label("Остановить", systemImage: "stop.circle.fill")
209 |                             .frame(maxWidth: .infinity)

/Users/mk/LiquidScanner/liquidscanner_project/Sources/LiquidScanner/ScannerView.swift:207:36: error: referencing subscript 'subscript(dynamicMember:)' requires wrapper 'ObservedObject<AppState>.Wrapper'
205 |             HStack(spacing: 12) {
206 |                 if appState.isScanning {
207 |                     Button(action: appState.stopScanning) {
    |                                    `- error: referencing subscript 'subscript(dynamicMember:)' requires wrapper 'ObservedObject<AppState>.Wrapper'
208 |                         Label("Остановить", systemImage: "stop.circle.fill")
209 |                             .frame(maxWidth: .infinity)

/Users/mk/LiquidScanner/liquidscanner_project/Sources/LiquidScanner/ScannerView.swift:269:30: error: initializer 'init(_:)' requires that 'Binding<Subject>' conform to 'BinaryInteger'
267 |                         .foregroundColor(.secondary)
268 |                     Spacer()
269 |                     Text("$\(Int(appState.settings.minDepositAmount))")
    |                              `- error: initializer 'init(_:)' requires that 'Binding<Subject>' conform to 'BinaryInteger'
270 |                         .font(.system(.body, design: .monospaced))
271 |                 }

Swift.SignedInteger.init:2:8: note: where 'T' = 'Binding<Subject>'
1 | protocol SignedInteger {
2 | public init<T>(_ source: T) where T : BinaryInteger}
  |        `- note: where 'T' = 'Binding<Subject>'
3 | 

/Users/mk/LiquidScanner/liquidscanner_project/Sources/LiquidScanner/ScannerView.swift:269:43: error: value of type 'AppState' has no dynamic member 'settings' using key path from root type 'AppState'
267 |                         .foregroundColor(.secondary)
268 |                     Spacer()
269 |                     Text("$\(Int(appState.settings.minDepositAmount))")
    |                                           `- error: value of type 'AppState' has no dynamic member 'settings' using key path from root type 'AppState'
270 |                         .font(.system(.body, design: .monospaced))
271 |                 }

/Users/mk/LiquidScanner/liquidscanner_project/Sources/LiquidScanner/ScannerView.swift:269:34: error: referencing subscript 'subscript(dynamicMember:)' requires wrapper 'ObservedObject<AppState>.Wrapper'
267 |                         .foregroundColor(.secondary)
268 |                     Spacer()
269 |                     Text("$\(Int(appState.settings.minDepositAmount))")
    |                                  `- error: referencing subscript 'subscript(dynamicMember:)' requires wrapper 'ObservedObject<AppState>.Wrapper'
270 |                         .font(.system(.body, design: .monospaced))
271 |                 }

/Users/mk/LiquidScanner/liquidscanner_project/Sources/LiquidScanner/ScannerView.swift:313:63: error: value of type 'ObservedObject<AppState>.Wrapper' has no dynamic member 'settings' using key path from root type 'AppState'
311 |             Form {
312 |                 Section("Режим работы") {
313 |                     Picker("Режим", selection: $appState.settings.mode) {
    |                                                          `- error: value of type 'ObservedObject<AppState>.Wrapper' has no dynamic member 'settings' using key path from root type 'AppState'
314 |                         ForEach(ScanSettings.ScanMode.allCases, id: \.self) { mode in
315 |                             Text(mode.rawValue).tag(mode)

/Users/mk/LiquidScanner/liquidscanner_project/Sources/LiquidScanner/ScannerView.swift:314:46: error: type 'ScanSettings' has no member 'ScanMode'
312 |                 Section("Режим работы") {
313 |                     Picker("Режим", selection: $appState.settings.mode) {
314 |                         ForEach(ScanSettings.ScanMode.allCases, id: \.self) { mode in
    |                                              `- error: type 'ScanSettings' has no member 'ScanMode'
315 |                             Text(mode.rawValue).tag(mode)
316 |                         }

/Users/mk/LiquidScanner/liquidscanner_project/Sources/LiquidScanner/ScannerView.swift:315:49: error: generic parameter 'V' could not be inferred
313 |                     Picker("Режим", selection: $appState.settings.mode) {
314 |                         ForEach(ScanSettings.ScanMode.allCases, id: \.self) { mode in
315 |                             Text(mode.rawValue).tag(mode)
    |                                                 `- error: generic parameter 'V' could not be inferred
316 |                         }
317 |                     }

SwiftUI.View.tag:2:25: note: in call to function 'tag(_:includeOptional:)'
1 | protocol View {
2 | nonisolated public func tag<V>(_ tag: V, includeOptional: Bool = true) -> some View where V : Hashable
  |                         `- note: in call to function 'tag(_:includeOptional:)'
3 |   }
4 | 

/Users/mk/LiquidScanner/liquidscanner_project/Sources/LiquidScanner/ScannerView.swift:409:58: error: cannot assign value of type 'JoinedSequence<Binding<Subject>>' to type 'String'
407 |             }
408 |             .onAppear {
409 |                 textInput = appState.settings.customUIDs.joined(separator: "\n")
    |                                                          `- error: cannot assign value of type 'JoinedSequence<Binding<Subject>>' to type 'String'
410 |             }
411 |         }

/Users/mk/LiquidScanner/liquidscanner_project/Sources/LiquidScanner/ScannerView.swift:409:38: error: value of type 'AppState' has no dynamic member 'settings' using key path from root type 'AppState'
407 |             }
408 |             .onAppear {
409 |                 textInput = appState.settings.customUIDs.joined(separator: "\n")
    |                                      `- error: value of type 'AppState' has no dynamic member 'settings' using key path from root type 'AppState'
410 |             }
411 |         }

/Users/mk/LiquidScanner/liquidscanner_project/Sources/LiquidScanner/ScannerView.swift:409:29: error: referencing subscript 'subscript(dynamicMember:)' requires wrapper 'ObservedObject<AppState>.Wrapper'
407 |             }
408 |             .onAppear {
409 |                 textInput = appState.settings.customUIDs.joined(separator: "\n")
    |                             `- error: referencing subscript 'subscript(dynamicMember:)' requires wrapper 'ObservedObject<AppState>.Wrapper'
410 |             }
411 |         }

/Users/mk/LiquidScanner/liquidscanner_project/Sources/LiquidScanner/ScannerView.swift:409:58: error: instance method 'joined(separator:)' requires the types 'String.Element' (aka 'Character') and 'Binding<Subject.Element>.Element' (aka 'Binding<Subject.Element.Element>') be equivalent
407 |             }
408 |             .onAppear {
409 |                 textInput = appState.settings.customUIDs.joined(separator: "\n")
    |                                                          `- error: instance method 'joined(separator:)' requires the types 'String.Element' (aka 'Character') and 'Binding<Subject.Element>.Element' (aka 'Binding<Subject.Element.Element>') be equivalent
410 |             }
411 |         }

Swift.Sequence.joined:2:36: note: where 'Separator.Element' = 'String.Element' (aka 'Character'), 'Self.Element.Element' = 'Binding<Subject.Element>.Element' (aka 'Binding<Subject.Element.Element>')
1 | protocol Sequence {
2 | @inlinable public __consuming func joined<Separator>(separator: Separator) -> JoinedSequence<Self> where Separator : Sequence, Separator.Element == Self.Element.Element}
  |                                    `- note: where 'Separator.Element' = 'String.Element' (aka 'Character'), 'Self.Element.Element' = 'Binding<Subject.Element>.Element' (aka 'Binding<Subject.Element.Element>')
3 | 

/Users/mk/LiquidScanner/liquidscanner_project/Sources/LiquidScanner/ScannerView.swift:422:18: error: value of type 'AppState' has no dynamic member 'settings' using key path from root type 'AppState'
420 |             .map { $0.trimmingCharacters(in: .whitespacesAndNewlines) }
421 |             .filter { !$0.isEmpty }
422 |         appState.settings.customUIDs = uids
    |                  `- error: value of type 'AppState' has no dynamic member 'settings' using key path from root type 'AppState'
423 |         appState.addPythonOutput("Обновлен список UID: \(uids.count) шт", type: .success)
424 |     }

/Users/mk/LiquidScanner/liquidscanner_project/Sources/LiquidScanner/ScannerView.swift:422:9: error: referencing subscript 'subscript(dynamicMember:)' requires wrapper 'ObservedObject<AppState>.Wrapper'
420 |             .map { $0.trimmingCharacters(in: .whitespacesAndNewlines) }
421 |             .filter { !$0.isEmpty }
422 |         appState.settings.customUIDs = uids
    |         `- error: referencing subscript 'subscript(dynamicMember:)' requires wrapper 'ObservedObject<AppState>.Wrapper'
423 |         appState.addPythonOutput("Обновлен список UID: \(uids.count) шт", type: .success)
424 |     }

/Users/mk/LiquidScanner/liquidscanner_project/Sources/LiquidScanner/ScannerView.swift:422:40: error: cannot assign value of type '[String]' to type 'Binding<Subject>'
420 |             .map { $0.trimmingCharacters(in: .whitespacesAndNewlines) }
421 |             .filter { !$0.isEmpty }
422 |         appState.settings.customUIDs = uids
    |                                        `- error: cannot assign value of type '[String]' to type 'Binding<Subject>'
423 |         appState.addPythonOutput("Обновлен список UID: \(uids.count) шт", type: .success)
424 |     }

/Users/mk/LiquidScanner/liquidscanner_project/Sources/LiquidScanner/ScannerView.swift:423:18: error: cannot call value of non-function type 'Binding<Subject>'
421 |             .filter { !$0.isEmpty }
422 |         appState.settings.customUIDs = uids
423 |         appState.addPythonOutput("Обновлен список UID: \(uids.count) шт", type: .success)
    |                  `- error: cannot call value of non-function type 'Binding<Subject>'
424 |     }
425 | }

/Users/mk/LiquidScanner/liquidscanner_project/Sources/LiquidScanner/ScannerView.swift:423:18: error: value of type 'AppState' has no dynamic member 'addPythonOutput' using key path from root type 'AppState'
421 |             .filter { !$0.isEmpty }
422 |         appState.settings.customUIDs = uids
423 |         appState.addPythonOutput("Обновлен список UID: \(uids.count) шт", type: .success)
    |                  `- error: value of type 'AppState' has no dynamic member 'addPythonOutput' using key path from root type 'AppState'
424 |     }
425 | }

/Users/mk/LiquidScanner/liquidscanner_project/Sources/LiquidScanner/ScannerView.swift:423:9: error: referencing subscript 'subscript(dynamicMember:)' requires wrapper 'ObservedObject<AppState>.Wrapper'
421 |             .filter { !$0.isEmpty }
422 |         appState.settings.customUIDs = uids
423 |         appState.addPythonOutput("Обновлен список UID: \(uids.count) шт", type: .success)
    |         `- error: referencing subscript 'subscript(dynamicMember:)' requires wrapper 'ObservedObject<AppState>.Wrapper'
424 |     }
425 | }

/Users/mk/LiquidScanner/liquidscanner_project/Sources/LiquidScanner/ScannerView.swift:423:98: error: cannot infer contextual base in reference to member 'success'
421 |             .filter { !$0.isEmpty }
422 |         appState.settings.customUIDs = uids
423 |         appState.addPythonOutput("Обновлен список UID: \(uids.count) шт", type: .success)
    |                                                                                  `- error: cannot infer contextual base in reference to member 'success'
424 |     }
425 | }
[7/15] Compiling LiquidScanner DashboardView.swift
/Users/mk/LiquidScanner/liquidscanner_project/Sources/LiquidScanner/DashboardView.swift:56:24: error: cannot find 'formatTimeInterval' in scope
 54 |                 icon: "clock.fill",
 55 |                 title: "Время работы",
 56 |                 value: formatTimeInterval(appState.stats.elapsedTime),
    |                        `- error: cannot find 'formatTimeInterval' in scope
 57 |                 color: .orange,
 58 |                 trend: .up

/Users/mk/LiquidScanner/liquidscanner_project/Sources/LiquidScanner/DashboardView.swift:32:39: error: cannot convert value of type 'Binding<Subject>' to expected argument type 'String'
 30 |                 icon: "dollarsign.circle.fill",
 31 |                 title: "Общая сумма",
 32 |                 value: appState.stats.formattedTotalAmount,
    |                                       `- error: cannot convert value of type 'Binding<Subject>' to expected argument type 'String'
 33 |                 color: .green,
 34 |                 trend: .up

/Users/mk/LiquidScanner/liquidscanner_project/Sources/LiquidScanner/DashboardView.swift:32:33: error: value of type 'AppState' has no dynamic member 'stats' using key path from root type 'AppState'
 30 |                 icon: "dollarsign.circle.fill",
 31 |                 title: "Общая сумма",
 32 |                 value: appState.stats.formattedTotalAmount,
    |                                 `- error: value of type 'AppState' has no dynamic member 'stats' using key path from root type 'AppState'
 33 |                 color: .green,
 34 |                 trend: .up

/Users/mk/LiquidScanner/liquidscanner_project/Sources/LiquidScanner/DashboardView.swift:32:24: error: referencing subscript 'subscript(dynamicMember:)' requires wrapper 'ObservedObject<AppState>.Wrapper'
 30 |                 icon: "dollarsign.circle.fill",
 31 |                 title: "Общая сумма",
 32 |                 value: appState.stats.formattedTotalAmount,
    |                        `- error: referencing subscript 'subscript(dynamicMember:)' requires wrapper 'ObservedObject<AppState>.Wrapper'
 33 |                 color: .green,
 34 |                 trend: .up

/Users/mk/LiquidScanner/liquidscanner_project/Sources/LiquidScanner/DashboardView.swift:124:34: error: value of type 'AppState' has no dynamic member 'selectedTab' using key path from root type 'AppState'
122 |                 if !recentDeposits.isEmpty {
123 |                     Button("Все") {
124 |                         appState.selectedTab = 3
    |                                  `- error: value of type 'AppState' has no dynamic member 'selectedTab' using key path from root type 'AppState'
125 |                     }
126 |                     .font(.caption)

/Users/mk/LiquidScanner/liquidscanner_project/Sources/LiquidScanner/DashboardView.swift:124:25: error: referencing subscript 'subscript(dynamicMember:)' requires wrapper 'ObservedObject<AppState>.Wrapper'
122 |                 if !recentDeposits.isEmpty {
123 |                     Button("Все") {
124 |                         appState.selectedTab = 3
    |                         `- error: referencing subscript 'subscript(dynamicMember:)' requires wrapper 'ObservedObject<AppState>.Wrapper'
125 |                     }
126 |                     .font(.caption)

/Users/mk/LiquidScanner/liquidscanner_project/Sources/LiquidScanner/DashboardView.swift:124:48: error: cannot assign value of type 'Int' to type 'Binding<Subject>'
122 |                 if !recentDeposits.isEmpty {
123 |                     Button("Все") {
124 |                         appState.selectedTab = 3
    |                                                `- error: cannot assign value of type 'Int' to type 'Binding<Subject>'
125 |                     }
126 |                     .font(.caption)

/Users/mk/LiquidScanner/liquidscanner_project/Sources/LiquidScanner/DashboardView.swift:179:30: error: value of type 'Deposit' has no member 'formattedAmount'
177 |             // Сумма
178 |             VStack(alignment: .trailing, spacing: 4) {
179 |                 Text(deposit.formattedAmount)
    |                              `- error: value of type 'Deposit' has no member 'formattedAmount'
180 |                     .font(.headline)
181 |                     .foregroundColor(.green)
[8/15] Compiling LiquidScanner PythonOutputView.swift
/Users/mk/LiquidScanner/liquidscanner_project/Sources/LiquidScanner/PythonOutputView.swift:3:8: error: type 'PythonOutputView' does not conform to protocol 'View'
 1 | import SwiftUI
 2 | 
 3 | struct PythonOutputView: View {
   |        |- error: type 'PythonOutputView' does not conform to protocol 'View'
   |        `- note: add stubs for conformance
 4 |     @EnvironmentObject var appState: AppState
 5 |     @State private var searchText: String = ""

SwiftUI.View.Body:2:16: note: protocol requires nested type 'Body'
1 | protocol View {
2 | associatedtype Body : View}
  |                `- note: protocol requires nested type 'Body'
3 | 
[9/15] Compiling LiquidScanner AccountsView.swift
/Users/mk/LiquidScanner/liquidscanner_project/Sources/LiquidScanner/AccountsView.swift:5:41: error: type annotation missing in pattern
 3 | struct AddAccountView: View {
 4 |     @ObservedObject var appState: AppState
 5 |     @Environment(\.dismiss) private var dismiss
   |                                         `- error: type annotation missing in pattern
 6 |     
 7 |     @State private var name = ""

/Users/mk/LiquidScanner/liquidscanner_project/Sources/LiquidScanner/AccountsView.swift:4:6: error: unknown attribute 'ObservedObject'
 2 | 
 3 | struct AddAccountView: View {
 4 |     @ObservedObject var appState: AppState
   |      `- error: unknown attribute 'ObservedObject'
 5 |     @Environment(\.dismiss) private var dismiss
 6 |     

/Users/mk/LiquidScanner/liquidscanner_project/Sources/LiquidScanner/AccountsView.swift:5:6: error: unknown attribute 'Environment'
 3 | struct AddAccountView: View {
 4 |     @ObservedObject var appState: AppState
 5 |     @Environment(\.dismiss) private var dismiss
   |      `- error: unknown attribute 'Environment'
 6 |     
 7 |     @State private var name = ""

/Users/mk/LiquidScanner/liquidscanner_project/Sources/LiquidScanner/AccountsView.swift:7:6: error: unknown attribute 'State'
 5 |     @Environment(\.dismiss) private var dismiss
 6 |     
 7 |     @State private var name = ""
   |      `- error: unknown attribute 'State'
 8 |     @State private var phone = ""
 9 |     @State private var apiId = ""

/Users/mk/LiquidScanner/liquidscanner_project/Sources/LiquidScanner/AccountsView.swift:8:6: error: unknown attribute 'State'
 6 |     
 7 |     @State private var name = ""
 8 |     @State private var phone = ""
   |      `- error: unknown attribute 'State'
 9 |     @State private var apiId = ""
10 |     @State private var apiHash = ""

/Users/mk/LiquidScanner/liquidscanner_project/Sources/LiquidScanner/AccountsView.swift:9:6: error: unknown attribute 'State'
 7 |     @State private var name = ""
 8 |     @State private var phone = ""
 9 |     @State private var apiId = ""
   |      `- error: unknown attribute 'State'
10 |     @State private var apiHash = ""
11 |     

/Users/mk/LiquidScanner/liquidscanner_project/Sources/LiquidScanner/AccountsView.swift:10:6: error: unknown attribute 'State'
 8 |     @State private var phone = ""
 9 |     @State private var apiId = ""
10 |     @State private var apiHash = ""
   |      `- error: unknown attribute 'State'
11 |     
12 |     var body: some View {

/Users/mk/LiquidScanner/liquidscanner_project/Sources/LiquidScanner/AccountsView.swift:12:20: error: cannot find type 'View' in scope
10 |     @State private var apiHash = ""
11 |     
12 |     var body: some View {
   |                    `- error: cannot find type 'View' in scope
13 |         NavigationView {
14 |             Form {

/Users/mk/LiquidScanner/liquidscanner_project/Sources/LiquidScanner/AccountsView.swift:3:24: error: cannot find type 'View' in scope
 1 | // ... (начало файла до AddAccountView)
 2 | 
 3 | struct AddAccountView: View {
   |                        `- error: cannot find type 'View' in scope
 4 |     @ObservedObject var appState: AppState
 5 |     @Environment(\.dismiss) private var dismiss

/Users/mk/LiquidScanner/liquidscanner_project/Sources/LiquidScanner/AccountsView.swift:3:8: error: invalid redeclaration of 'AddAccountView'
 1 | // ... (начало файла до AddAccountView)
 2 | 
 3 | struct AddAccountView: View {
   |        `- error: invalid redeclaration of 'AddAccountView'
 4 |     @ObservedObject var appState: AppState
 5 |     @Environment(\.dismiss) private var dismiss
[10/15] Compiling LiquidScanner AppMain.swift
/Users/mk/LiquidScanner/liquidscanner_project/Sources/LiquidScanner/AccountsView.swift:5:41: error: type annotation missing in pattern
 3 | struct AddAccountView: View {
 4 |     @ObservedObject var appState: AppState
 5 |     @Environment(\.dismiss) private var dismiss
   |                                         `- error: type annotation missing in pattern
 6 |     
 7 |     @State private var name = ""

/Users/mk/LiquidScanner/liquidscanner_project/Sources/LiquidScanner/AccountsView.swift:4:6: error: unknown attribute 'ObservedObject'
 2 | 
 3 | struct AddAccountView: View {
 4 |     @ObservedObject var appState: AppState
   |      `- error: unknown attribute 'ObservedObject'
 5 |     @Environment(\.dismiss) private var dismiss
 6 |     

/Users/mk/LiquidScanner/liquidscanner_project/Sources/LiquidScanner/AccountsView.swift:5:6: error: unknown attribute 'Environment'
 3 | struct AddAccountView: View {
 4 |     @ObservedObject var appState: AppState
 5 |     @Environment(\.dismiss) private var dismiss
   |      `- error: unknown attribute 'Environment'
 6 |     
 7 |     @State private var name = ""

/Users/mk/LiquidScanner/liquidscanner_project/Sources/LiquidScanner/AccountsView.swift:7:6: error: unknown attribute 'State'
 5 |     @Environment(\.dismiss) private var dismiss
 6 |     
 7 |     @State private var name = ""
   |      `- error: unknown attribute 'State'
 8 |     @State private var phone = ""
 9 |     @State private var apiId = ""

/Users/mk/LiquidScanner/liquidscanner_project/Sources/LiquidScanner/AccountsView.swift:8:6: error: unknown attribute 'State'
 6 |     
 7 |     @State private var name = ""
 8 |     @State private var phone = ""
   |      `- error: unknown attribute 'State'
 9 |     @State private var apiId = ""
10 |     @State private var apiHash = ""

/Users/mk/LiquidScanner/liquidscanner_project/Sources/LiquidScanner/AccountsView.swift:9:6: error: unknown attribute 'State'
 7 |     @State private var name = ""
 8 |     @State private var phone = ""
 9 |     @State private var apiId = ""
   |      `- error: unknown attribute 'State'
10 |     @State private var apiHash = ""
11 |     

/Users/mk/LiquidScanner/liquidscanner_project/Sources/LiquidScanner/AccountsView.swift:10:6: error: unknown attribute 'State'
 8 |     @State private var phone = ""
 9 |     @State private var apiId = ""
10 |     @State private var apiHash = ""
   |      `- error: unknown attribute 'State'
11 |     
12 |     var body: some View {

/Users/mk/LiquidScanner/liquidscanner_project/Sources/LiquidScanner/AccountsView.swift:12:20: error: cannot find type 'View' in scope
10 |     @State private var apiHash = ""
11 |     
12 |     var body: some View {
   |                    `- error: cannot find type 'View' in scope
13 |         NavigationView {
14 |             Form {

/Users/mk/LiquidScanner/liquidscanner_project/Sources/LiquidScanner/AccountsView.swift:3:24: error: cannot find type 'View' in scope
 1 | // ... (начало файла до AddAccountView)
 2 | 
 3 | struct AddAccountView: View {
   |                        `- error: cannot find type 'View' in scope
 4 |     @ObservedObject var appState: AppState
 5 |     @Environment(\.dismiss) private var dismiss

/Users/mk/LiquidScanner/liquidscanner_project/Sources/LiquidScanner/AccountsView.swift:3:8: error: invalid redeclaration of 'AddAccountView'
 1 | // ... (начало файла до AddAccountView)
 2 | 
 3 | struct AddAccountView: View {
   |        `- error: invalid redeclaration of 'AddAccountView'
 4 |     @ObservedObject var appState: AppState
 5 |     @Environment(\.dismiss) private var dismiss
[11/15] Compiling LiquidScanner AppState.swift
/Users/mk/LiquidScanner/liquidscanner_project/Sources/LiquidScanner/ContentView.swift:88:21: error: cannot find 'AccountsView' in scope
 86 |                     DashboardView(appState: appState)
 87 |                 case .accounts:
 88 |                     AccountsView(appState: appState)
    |                     `- error: cannot find 'AccountsView' in scope
 89 |                 case .scanner:
 90 |                     ScannerView(appState: appState)

/Users/mk/LiquidScanner/liquidscanner_project/Sources/LiquidScanner/ContentView.swift:92:21: error: cannot find 'DepositsView' in scope
 90 |                     ScannerView(appState: appState)
 91 |                 case .deposits:
 92 |                     DepositsView(appState: appState)
    |                     `- error: cannot find 'DepositsView' in scope
 93 |                 case .pythonLogs:
 94 |                     PythonOutputView()
[12/15] Compiling LiquidScanner ContentView.swift
/Users/mk/LiquidScanner/liquidscanner_project/Sources/LiquidScanner/ContentView.swift:88:21: error: cannot find 'AccountsView' in scope
 86 |                     DashboardView(appState: appState)
 87 |                 case .accounts:
 88 |                     AccountsView(appState: appState)
    |                     `- error: cannot find 'AccountsView' in scope
 89 |                 case .scanner:
 90 |                     ScannerView(appState: appState)

/Users/mk/LiquidScanner/liquidscanner_project/Sources/LiquidScanner/ContentView.swift:92:21: error: cannot find 'DepositsView' in scope
 90 |                     ScannerView(appState: appState)
 91 |                 case .deposits:
 92 |                     DepositsView(appState: appState)
    |                     `- error: cannot find 'DepositsView' in scope
 93 |                 case .pythonLogs:
 94 |                     PythonOutputView()
[13/17] Compiling LiquidScanner APIService.swift
[14/17] Compiling LiquidScanner TelegramService.swift
